Server running on http://localhost:3000 and http://192.168.10.181:3000
Connected to MySQL database via Pool
[AuthDebug] Raw: 'Administrador', Norm: 'admin', Available: admin, director, control_escolar, cobranza, recepcion, tutor
[AuthDebug] Raw: 'Administrador', Norm: 'admin', Available: admin, director, control_escolar, cobranza, recepcion, tutor
[AuthDebug] Raw: 'Administrador', Norm: 'admin', Available: admin, director, control_escolar, cobranza, recepcion, tutor
DEBUG: Refresh Parent Lookup for luis@hotmail.com Result: []
[AuthDebug] Raw: 'Administrador', Norm: 'admin', Available: admin, director, control_escolar, cobranza, recepcion, tutor
[AuthDebug] Raw: 'Administrador', Norm: 'admin', Available: admin, director, control_escolar, cobranza, recepcion, tutor
[AuthDebug] Raw: 'Administrador', Norm: 'admin', Available: admin, director, control_escolar, cobranza, recepcion, tutor
[AuthDebug] Raw: 'Administrador', Norm: 'admin', Available: admin, director, control_escolar, cobranza, recepcion, tutor
DEBUG: Refresh Parent Lookup for luis@hotmail.com Result: []
[AuthDebug] Raw: 'Administrador', Norm: 'admin', Available: admin, director, control_escolar, cobranza, recepcion, tutor
[AuthDebug] Raw: 'Administrador', Norm: 'admin', Available: admin, director, control_escolar, cobranza, recepcion, tutor
[AuthDebug] Raw: 'Administrador', Norm: 'admin', Available: admin, director, control_escolar, cobranza, recepcion, tutor
[AuthDebug] Raw: 'Administrador', Norm: 'admin', Available: admin, director, control_escolar, cobranza, recepcion, tutor
[AuthDebug] Raw: 'Administrador', Norm: 'admin', Available: admin, director, control_escolar, cobranza, recepcion, tutor
DEBUG: Refresh Parent Lookup for luis@hotmail.com Result: []
[AuthDebug] Raw: 'Administrador', Norm: 'admin', Available: admin, director, control_escolar, cobranza, recepcion, tutor
[AuthDebug] Raw: 'Administrador', Norm: 'admin', Available: admin, director, control_escolar, cobranza, recepcion, tutor
DEBUG: GET /groups hit { level_id: '1' }
[AuthDebug] Raw: 'Administrador', Norm: 'admin', Available: admin, director, control_escolar, cobranza, recepcion, tutor
[AuthDebug] Raw: 'Administrador', Norm: 'admin', Available: admin, director, control_escolar, cobranza, recepcion, tutor
[AuthDebug] Raw: 'Administrador', Norm: 'admin', Available: admin, director, control_escolar, cobranza, recepcion, tutor
DEBUG: Refresh Parent Lookup for luis@hotmail.com Result: []
[AuthDebug] Raw: 'Administrador', Norm: 'admin', Available: admin, director, control_escolar, cobranza, recepcion, tutor
[AuthDebug] Raw: 'Administrador', Norm: 'admin', Available: admin, director, control_escolar, cobranza, recepcion, tutor
[AuthDebug] Raw: 'Administrador', Norm: 'admin', Available: admin, director, control_escolar, cobranza, recepcion, tutor
[AuthDebug] Raw: 'Administrador', Norm: 'admin', Available: admin, director, control_escolar, cobranza, recepcion, tutor
[AuthDebug] Raw: 'Administrador', Norm: 'admin', Available: admin, director, control_escolar, cobranza, recepcion, tutor
[AuthDebug] Raw: 'Administrador', Norm: 'admin', Available: admin, director, control_escolar, cobranza, recepcion, tutor
DEBUG: Refresh Parent Lookup for luis@hotmail.com Result: []
[AuthDebug] Raw: 'Administrador', Norm: 'admin', Available: admin, director, control_escolar, cobranza, recepcion, tutor
[AuthDebug] Raw: 'Administrador', Norm: 'admin', Available: admin, director, control_escolar, cobranza, recepcion, tutor
[AuthDebug] Raw: 'Administrador', Norm: 'admin', Available: admin, director, control_escolar, cobranza, recepcion, tutor
[AuthDebug] Raw: 'Administrador', Norm: 'admin', Available: admin, director, control_escolar, cobranza, recepcion, tutor
[AuthDebug] Raw: 'Administrador', Norm: 'admin', Available: admin, director, control_escolar, cobranza, recepcion, tutor
DEBUG: Refresh Parent Lookup for luis@hotmail.com Result: []
[AuthDebug] Raw: 'Administrador', Norm: 'admin', Available: admin, director, control_escolar, cobranza, recepcion, tutor
[AuthDebug] Raw: 'Administrador', Norm: 'admin', Available: admin, director, control_escolar, cobranza, recepcion, tutor
[AuthDebug] Raw: 'Administrador', Norm: 'admin', Available: admin, director, control_escolar, cobranza, recepcion, tutor
[AuthDebug] Raw: 'Administrador', Norm: 'admin', Available: admin, director, control_escolar, cobranza, recepcion, tutor
DEBUG: Refresh Parent Lookup for luis@hotmail.com Result: []
[AuthDebug] Raw: 'Administrador', Norm: 'admin', Available: admin, director, control_escolar, cobranza, recepcion, tutor
[AuthDebug] Raw: 'Administrador', Norm: 'admin', Available: admin, director, control_escolar, cobranza, recepcion, tutor
[AuthDebug] Raw: 'Administrador', Norm: 'admin', Available: admin, director, control_escolar, cobranza, recepcion, tutor
[AuthDebug] Raw: 'Administrador', Norm: 'admin', Available: admin, director, control_escolar, cobranza, recepcion, tutor
[AuthDebug] Raw: 'Administrador', Norm: 'admin', Available: admin, director, control_escolar, cobranza, recepcion, tutor
DEBUG: Refresh Parent Lookup for luis@hotmail.com Result: []
[AuthDebug] Raw: 'Administrador', Norm: 'admin', Available: admin, director, control_escolar, cobranza, recepcion, tutor
[AuthDebug] Raw: 'Administrador', Norm: 'admin', Available: admin, director, control_escolar, cobranza, recepcion, tutor
[AuthDebug] Raw: 'Administrador', Norm: 'admin', Available: admin, director, control_escolar, cobranza, recepcion, tutor
[AuthDebug] Raw: 'Administrador', Norm: 'admin', Available: admin, director, control_escolar, cobranza, recepcion, tutor
[AuthDebug] Raw: 'Administrador', Norm: 'admin', Available: admin, director, control_escolar, cobranza, recepcion, tutor
DEBUG: Refresh Parent Lookup for luis@hotmail.com Result: []
[AuthDebug] Raw: 'Administrador', Norm: 'admin', Available: admin, director, control_escolar, cobranza, recepcion, tutor
[AuthDebug] Raw: 'Administrador', Norm: 'admin', Available: admin, director, control_escolar, cobranza, recepcion, tutor
[AuthDebug] Raw: 'Administrador', Norm: 'admin', Available: admin, director, control_escolar, cobranza, recepcion, tutor
[AuthDebug] Raw: 'Administrador', Norm: 'admin', Available: admin, director, control_escolar, cobranza, recepcion, tutor
[AuthDebug] Raw: 'Administrador', Norm: 'admin', Available: admin, director, control_escolar, cobranza, recepcion, tutor
DEBUG: Refresh Parent Lookup for luis@hotmail.com Result: []
[AuthDebug] Raw: 'Administrador', Norm: 'admin', Available: admin, director, control_escolar, cobranza, recepcion, tutor
[AuthDebug] Raw: 'Administrador', Norm: 'admin', Available: admin, director, control_escolar, cobranza, recepcion, tutor
[AuthDebug] Raw: 'Administrador', Norm: 'admin', Available: admin, director, control_escolar, cobranza, recepcion, tutor
[AuthDebug] Raw: 'Administrador', Norm: 'admin', Available: admin, director, control_escolar, cobranza, recepcion, tutor
[AuthDebug] Raw: 'Administrador', Norm: 'admin', Available: admin, director, control_escolar, cobranza, recepcion, tutor
DEBUG: Refresh Parent Lookup for luis@hotmail.com Result: []
[AuthDebug] Raw: 'Administrador', Norm: 'admin', Available: admin, director, control_escolar, cobranza, recepcion, tutor
[AuthDebug] Raw: 'Administrador', Norm: 'admin', Available: admin, director, control_escolar, cobranza, recepcion, tutor
[AuthDebug] Raw: 'Administrador', Norm: 'admin', Available: admin, director, control_escolar, cobranza, recepcion, tutor
[AuthDebug] Raw: 'Administrador', Norm: 'admin', Available: admin, director, control_escolar, cobranza, recepcion, tutor
[AuthDebug] Raw: 'Administrador', Norm: 'admin', Available: admin, director, control_escolar, cobranza, recepcion, tutor
[AuthDebug] Raw: 'Administrador', Norm: 'admin', Available: admin, director, control_escolar, cobranza, recepcion, tutor
DEBUG: Refresh Parent Lookup for luis@hotmail.com Result: []
[AuthDebug] Raw: 'Administrador', Norm: 'admin', Available: admin, director, control_escolar, cobranza, recepcion, tutor
[AuthDebug] Raw: 'Administrador', Norm: 'admin', Available: admin, director, control_escolar, cobranza, recepcion, tutor
[AuthDebug] Raw: 'Administrador', Norm: 'admin', Available: admin, director, control_escolar, cobranza, recepcion, tutor
[AuthDebug] Raw: 'Administrador', Norm: 'admin', Available: admin, director, control_escolar, cobranza, recepcion, tutor
DEBUG: Refresh Parent Lookup for luis@hotmail.com Result: []
[AuthDebug] Raw: 'Administrador', Norm: 'admin', Available: admin, director, control_escolar, cobranza, recepcion, tutor
[AuthDebug] Raw: 'Administrador', Norm: 'admin', Available: admin, director, control_escolar, cobranza, recepcion, tutor
[AuthDebug] Raw: 'Administrador', Norm: 'admin', Available: admin, director, control_escolar, cobranza, recepcion, tutor
[AuthDebug] Raw: 'Administrador', Norm: 'admin', Available: admin, director, control_escolar, cobranza, recepcion, tutor
[AuthDebug] Raw: 'Administrador', Norm: 'admin', Available: admin, director, control_escolar, cobranza, recepcion, tutor
DEBUG: Refresh Parent Lookup for luis@hotmail.com Result: []
[AuthDebug] Raw: 'Administrador', Norm: 'admin', Available: admin, director, control_escolar, cobranza, recepcion, tutor
[AuthDebug] Raw: 'Administrador', Norm: 'admin', Available: admin, director, control_escolar, cobranza, recepcion, tutor
[AuthDebug] Raw: 'Administrador', Norm: 'admin', Available: admin, director, control_escolar, cobranza, recepcion, tutor
[AuthDebug] Raw: 'Administrador', Norm: 'admin', Available: admin, director, control_escolar, cobranza, recepcion, tutor
[AuthDebug] Raw: 'Administrador', Norm: 'admin', Available: admin, director, control_escolar, cobranza, recepcion, tutor
DEBUG: Refresh Parent Lookup for luis@hotmail.com Result: []
[AuthDebug] Raw: 'Administrador', Norm: 'admin', Available: admin, director, control_escolar, cobranza, recepcion, tutor
[AuthDebug] Raw: 'Administrador', Norm: 'admin', Available: admin, director, control_escolar, cobranza, recepcion, tutor
[AuthDebug] Raw: 'Administrador', Norm: 'admin', Available: admin, director, control_escolar, cobranza, recepcion, tutor
[AuthDebug] Raw: 'Administrador', Norm: 'admin', Available: admin, director, control_escolar, cobranza, recepcion, tutor
[AuthDebug] Raw: 'Administrador', Norm: 'admin', Available: admin, director, control_escolar, cobranza, recepcion, tutor
DEBUG: Refresh Parent Lookup for luis@hotmail.com Result: []
[AuthDebug] Raw: 'Administrador', Norm: 'admin', Available: admin, director, control_escolar, cobranza, recepcion, tutor
[AuthDebug] Raw: 'Administrador', Norm: 'admin', Available: admin, director, control_escolar, cobranza, recepcion, tutor
DEBUG: GET /groups hit { level_id: '1' }
DEBUG: GET /groups hit { level_id: '2' }
DEBUG: GET /groups hit { level_id: '3' }
[AuthDebug] Raw: 'Administrador', Norm: 'admin', Available: admin, director, control_escolar, cobranza, recepcion, tutor
[AuthDebug] Raw: 'Administrador', Norm: 'admin', Available: admin, director, control_escolar, cobranza, recepcion, tutor
[AuthDebug] Raw: 'Administrador', Norm: 'admin', Available: admin, director, control_escolar, cobranza, recepcion, tutor
DEBUG: Refresh Parent Lookup for luis@hotmail.com Result: []
[AuthDebug] Raw: 'Administrador', Norm: 'admin', Available: admin, director, control_escolar, cobranza, recepcion, tutor
[AuthDebug] Raw: 'Administrador', Norm: 'admin', Available: admin, director, control_escolar, cobranza, recepcion, tutor
[AuthDebug] Raw: 'Administrador', Norm: 'admin', Available: admin, director, control_escolar, cobranza, recepcion, tutor
[AuthDebug] Raw: 'Administrador', Norm: 'admin', Available: admin, director, control_escolar, cobranza, recepcion, tutor
[AuthDebug] Raw: 'Administrador', Norm: 'admin', Available: admin, director, control_escolar, cobranza, recepcion, tutor
DEBUG: Refresh Parent Lookup for luis@hotmail.com Result: []
[AuthDebug] Raw: 'Administrador', Norm: 'admin', Available: admin, director, control_escolar, cobranza, recepcion, tutor
[AuthDebug] Raw: 'Administrador', Norm: 'admin', Available: admin, director, control_escolar, cobranza, recepcion, tutor
[AuthDebug] Raw: 'Administrador', Norm: 'admin', Available: admin, director, control_escolar, cobranza, recepcion, tutor
[AuthDebug] Raw: 'Administrador', Norm: 'admin', Available: admin, director, control_escolar, cobranza, recepcion, tutor
[AuthDebug] Raw: 'Administrador', Norm: 'admin', Available: admin, director, control_escolar, cobranza, recepcion, tutor
DEBUG: Refresh Parent Lookup for luis@hotmail.com Result: []
[AuthDebug] Raw: 'Administrador', Norm: 'admin', Available: admin, director, control_escolar, cobranza, recepcion, tutor
[AuthDebug] Raw: 'Administrador', Norm: 'admin', Available: admin, director, control_escolar, cobranza, recepcion, tutor
DEBUG: GET /groups hit { level_id: '3' }
DEBUG: GET /groups hit { level_id: '4' }
DEBUG: GET /groups hit { level_id: '3' }
DEBUG: GET /groups hit { level_id: '2' }
DEBUG: GET /groups hit { level_id: '1' }
DEBUG: GET /groups hit { level_id: '3' }
[AuthDebug] Raw: 'Administrador', Norm: 'admin', Available: admin, director, control_escolar, cobranza, recepcion, tutor
[AuthDebug] Raw: 'Administrador', Norm: 'admin', Available: admin, director, control_escolar, cobranza, recepcion, tutor
[AuthDebug] Raw: 'Administrador', Norm: 'admin', Available: admin, director, control_escolar, cobranza, recepcion, tutor
DEBUG: Refresh Parent Lookup for luis@hotmail.com Result: []
[AuthDebug] Raw: 'Administrador', Norm: 'admin', Available: admin, director, control_escolar, cobranza, recepcion, tutor
[AuthDebug] Raw: 'Administrador', Norm: 'admin', Available: admin, director, control_escolar, cobranza, recepcion, tutor
[AuthDebug] Raw: 'Administrador', Norm: 'admin', Available: admin, director, control_escolar, cobranza, recepcion, tutor
[AuthDebug] Raw: 'Administrador', Norm: 'admin', Available: admin, director, control_escolar, cobranza, recepcion, tutor
[AuthDebug] Raw: 'Administrador', Norm: 'admin', Available: admin, director, control_escolar, cobranza, recepcion, tutor
DEBUG: Refresh Parent Lookup for luis@hotmail.com Result: []
[AuthDebug] Raw: 'Administrador', Norm: 'admin', Available: admin, director, control_escolar, cobranza, recepcion, tutor
[AuthDebug] Raw: 'Administrador', Norm: 'admin', Available: admin, director, control_escolar, cobranza, recepcion, tutor
[AuthDebug] Raw: 'Administrador', Norm: 'admin', Available: admin, director, control_escolar, cobranza, recepcion, tutor
[AuthDebug] Raw: 'Administrador', Norm: 'admin', Available: admin, director, control_escolar, cobranza, recepcion, tutor
[AuthDebug] Raw: 'Administrador', Norm: 'admin', Available: admin, director, control_escolar, cobranza, recepcion, tutor
DEBUG: Refresh Parent Lookup for luis@hotmail.com Result: []
[AuthDebug] Raw: 'Administrador', Norm: 'admin', Available: admin, director, control_escolar, cobranza, recepcion, tutor
[AuthDebug] Raw: 'Administrador', Norm: 'admin', Available: admin, director, control_escolar, cobranza, recepcion, tutor
[AuthDebug] Raw: 'Administrador', Norm: 'admin', Available: admin, director, control_escolar, cobranza, recepcion, tutor
[AuthDebug] Raw: 'Administrador', Norm: 'admin', Available: admin, director, control_escolar, cobranza, recepcion, tutor
[AuthDebug] Raw: 'Administrador', Norm: 'admin', Available: admin, director, control_escolar, cobranza, recepcion, tutor
DEBUG: Refresh Parent Lookup for luis@hotmail.com Result: []
[AuthDebug] Raw: 'Administrador', Norm: 'admin', Available: admin, director, control_escolar, cobranza, recepcion, tutor
[AuthDebug] Raw: 'Administrador', Norm: 'admin', Available: admin, director, control_escolar, cobranza, recepcion, tutor
[AuthDebug] Raw: 'Administrador', Norm: 'admin', Available: admin, director, control_escolar, cobranza, recepcion, tutor
[AuthDebug] Raw: 'Administrador', Norm: 'admin', Available: admin, director, control_escolar, cobranza, recepcion, tutor
[AuthDebug] Raw: 'Administrador', Norm: 'admin', Available: admin, director, control_escolar, cobranza, recepcion, tutor
DEBUG: Refresh Parent Lookup for luis@hotmail.com Result: []
[AuthDebug] Raw: 'Administrador', Norm: 'admin', Available: admin, director, control_escolar, cobranza, recepcion, tutor
[AuthDebug] Raw: 'Administrador', Norm: 'admin', Available: admin, director, control_escolar, cobranza, recepcion, tutor
[AuthDebug] Raw: 'Administrador', Norm: 'admin', Available: admin, director, control_escolar, cobranza, recepcion, tutor
[AuthDebug] Raw: 'Administrador', Norm: 'admin', Available: admin, director, control_escolar, cobranza, recepcion, tutor
[AuthDebug] Raw: 'Administrador', Norm: 'admin', Available: admin, director, control_escolar, cobranza, recepcion, tutor
DEBUG: Refresh Parent Lookup for luis@hotmail.com Result: []
[AuthDebug] Raw: 'Administrador', Norm: 'admin', Available: admin, director, control_escolar, cobranza, recepcion, tutor
[AuthDebug] Raw: 'Administrador', Norm: 'admin', Available: admin, director, control_escolar, cobranza, recepcion, tutor
[AuthDebug] Raw: 'Administrador', Norm: 'admin', Available: admin, director, control_escolar, cobranza, recepcion, tutor
[AuthDebug] Raw: 'Administrador', Norm: 'admin', Available: admin, director, control_escolar, cobranza, recepcion, tutor
[AuthDebug] Raw: 'Administrador', Norm: 'admin', Available: admin, director, control_escolar, cobranza, recepcion, tutor
[AuthDebug] Raw: 'Administrador', Norm: 'admin', Available: admin, director, control_escolar, cobranza, recepcion, tutor
DEBUG: Refresh Parent Lookup for luis@hotmail.com Result: []
[AuthDebug] Raw: 'Administrador', Norm: 'admin', Available: admin, director, control_escolar, cobranza, recepcion, tutor
[AuthDebug] Raw: 'Administrador', Norm: 'admin', Available: admin, director, control_escolar, cobranza, recepcion, tutor
[AuthDebug] Raw: 'Administrador', Norm: 'admin', Available: admin, director, control_escolar, cobranza, recepcion, tutor
[AuthDebug] Raw: 'Administrador', Norm: 'admin', Available: admin, director, control_escolar, cobranza, recepcion, tutor
DEBUG: Refresh Parent Lookup for luis@hotmail.com Result: []
[AuthDebug] Raw: 'Administrador', Norm: 'admin', Available: admin, director, control_escolar, cobranza, recepcion, tutor
[AuthDebug] Raw: 'Administrador', Norm: 'admin', Available: admin, director, control_escolar, cobranza, recepcion, tutor
[AuthDebug] Raw: 'Administrador', Norm: 'admin', Available: admin, director, control_escolar, cobranza, recepcion, tutor
[AuthDebug] Raw: 'Administrador', Norm: 'admin', Available: admin, director, control_escolar, cobranza, recepcion, tutor
[AuthDebug] Raw: 'Administrador', Norm: 'admin', Available: admin, director, control_escolar, cobranza, recepcion, tutor
DEBUG: Refresh Parent Lookup for luis@hotmail.com Result: []
[AuthDebug] Raw: 'Administrador', Norm: 'admin', Available: admin, director, control_escolar, cobranza, recepcion, tutor
[AuthDebug] Raw: 'Administrador', Norm: 'admin', Available: admin, director, control_escolar, cobranza, recepcion, tutor
[AuthDebug] Raw: 'Administrador', Norm: 'admin', Available: admin, director, control_escolar, cobranza, recepcion, tutor
[AuthDebug] Raw: 'Administrador', Norm: 'admin', Available: admin, director, control_escolar, cobranza, recepcion, tutor
[AuthDebug] Raw: 'Administrador', Norm: 'admin', Available: admin, director, control_escolar, cobranza, recepcion, tutor
DEBUG: Refresh Parent Lookup for luis@hotmail.com Result: []
[AuthDebug] Raw: 'Administrador', Norm: 'admin', Available: admin, director, control_escolar, cobranza, recepcion, tutor
[AuthDebug] Raw: 'Administrador', Norm: 'admin', Available: admin, director, control_escolar, cobranza, recepcion, tutor
[AuthDebug] Raw: 'Administrador', Norm: 'admin', Available: admin, director, control_escolar, cobranza, recepcion, tutor
[AuthDebug] Raw: 'Administrador', Norm: 'admin', Available: admin, director, control_escolar, cobranza, recepcion, tutor
[AuthDebug] Raw: 'Administrador', Norm: 'admin', Available: admin, director, control_escolar, cobranza, recepcion, tutor
DEBUG: Refresh Parent Lookup for luis@hotmail.com Result: []
[AuthDebug] Raw: 'Administrador', Norm: 'admin', Available: admin, director, control_escolar, cobranza, recepcion, tutor
[AuthDebug] Raw: 'Administrador', Norm: 'admin', Available: admin, director, control_escolar, cobranza, recepcion, tutor
[AuthDebug] Raw: 'Administrador', Norm: 'admin', Available: admin, director, control_escolar, cobranza, recepcion, tutor
[AuthDebug] Raw: 'Administrador', Norm: 'admin', Available: admin, director, control_escolar, cobranza, recepcion, tutor
[AuthDebug] Raw: 'Administrador', Norm: 'admin', Available: admin, director, control_escolar, cobranza, recepcion, tutor
DEBUG: Refresh Parent Lookup for luis@hotmail.com Result: []
[AuthDebug] Raw: 'Administrador', Norm: 'admin', Available: admin, director, control_escolar, cobranza, recepcion, tutor
[AuthDebug] Raw: 'Administrador', Norm: 'admin', Available: admin, director, control_escolar, cobranza, recepcion, tutor
[AuthDebug] Raw: 'Administrador', Norm: 'admin', Available: admin, director, control_escolar, cobranza, recepcion, tutor
[AuthDebug] Raw: 'Administrador', Norm: 'admin', Available: admin, director, control_escolar, cobranza, recepcion, tutor
[AuthDebug] Raw: 'Administrador', Norm: 'admin', Available: admin, director, control_escolar, cobranza, recepcion, tutor
DEBUG: Refresh Parent Lookup for luis@hotmail.com Result: []
[AuthDebug] Raw: 'Administrador', Norm: 'admin', Available: admin, director, control_escolar, cobranza, recepcion, tutor
[AuthDebug] Raw: 'Administrador', Norm: 'admin', Available: admin, director, control_escolar, cobranza, recepcion, tutor
DEBUG: GET /groups hit { grade_id: '19' }
DEBUG: GET /groups hit { grade_id: '25' }
DEBUG: GET /groups hit { grade_id: '26' }
DEBUG: GET /groups hit { grade_id: '27' }
DEBUG: GET /groups hit { grade_id: '28' }
DEBUG: GET /groups hit { grade_id: '29' }
DEBUG: GET /groups hit { grade_id: '30' }
DEBUG: GET /groups hit { level_id: '1' }
DEBUG: GET /groups hit { level_id: '2' }
DEBUG: GET /groups hit { level_id: '3' }
DEBUG: GET /groups hit { level_id: '1' }
DEBUG: GET /groups hit { grade_id: '19' }
DEBUG: GET /groups hit { grade_id: '22' }
DEBUG: GET /groups hit { level_id: '3' }
[AuthDebug] Raw: 'Administrador', Norm: 'admin', Available: admin, director, control_escolar, cobranza, recepcion, tutor
[AuthDebug] Raw: 'Administrador', Norm: 'admin', Available: admin, director, control_escolar, cobranza, recepcion, tutor
[AuthDebug] Raw: 'Administrador', Norm: 'admin', Available: admin, director, control_escolar, cobranza, recepcion, tutor
DEBUG: Refresh Parent Lookup for luis@hotmail.com Result: []
[AuthDebug] Raw: 'Administrador', Norm: 'admin', Available: admin, director, control_escolar, cobranza, recepcion, tutor
[AuthDebug] Raw: 'Administrador', Norm: 'admin', Available: admin, director, control_escolar, cobranza, recepcion, tutor
[AuthDebug] Raw: 'Administrador', Norm: 'admin', Available: admin, director, control_escolar, cobranza, recepcion, tutor
[AuthDebug] Raw: 'Administrador', Norm: 'admin', Available: admin, director, control_escolar, cobranza, recepcion, tutor
[AuthDebug] Raw: 'Administrador', Norm: 'admin', Available: admin, director, control_escolar, cobranza, recepcion, tutor
DEBUG: Refresh Parent Lookup for luis@hotmail.com Result: []
[AuthDebug] Raw: 'Administrador', Norm: 'admin', Available: admin, director, control_escolar, cobranza, recepcion, tutor
[AuthDebug] Raw: 'Administrador', Norm: 'admin', Available: admin, director, control_escolar, cobranza, recepcion, tutor
[AuthDebug] Raw: 'Administrador', Norm: 'admin', Available: admin, director, control_escolar, cobranza, recepcion, tutor
[AuthDebug] Raw: 'Administrador', Norm: 'admin', Available: admin, director, control_escolar, cobranza, recepcion, tutor
[AuthDebug] Raw: 'Administrador', Norm: 'admin', Available: admin, director, control_escolar, cobranza, recepcion, tutor
DEBUG: Refresh Parent Lookup for luis@hotmail.com Result: []
[AuthDebug] Raw: 'Administrador', Norm: 'admin', Available: admin, director, control_escolar, cobranza, recepcion, tutor
[AuthDebug] Raw: 'Administrador', Norm: 'admin', Available: admin, director, control_escolar, cobranza, recepcion, tutor
[AuthDebug] Raw: 'Administrador', Norm: 'admin', Available: admin, director, control_escolar, cobranza, recepcion, tutor
[AuthDebug] Raw: 'Administrador', Norm: 'admin', Available: admin, director, control_escolar, cobranza, recepcion, tutor
[AuthDebug] Raw: 'Administrador', Norm: 'admin', Available: admin, director, control_escolar, cobranza, recepcion, tutor
DEBUG: Refresh Parent Lookup for luis@hotmail.com Result: []
[AuthDebug] Raw: 'Administrador', Norm: 'admin', Available: admin, director, control_escolar, cobranza, recepcion, tutor
[AuthDebug] Raw: 'Administrador', Norm: 'admin', Available: admin, director, control_escolar, cobranza, recepcion, tutor
[AuthDebug] Raw: 'Administrador', Norm: 'admin', Available: admin, director, control_escolar, cobranza, recepcion, tutor
[AuthDebug] Raw: 'Administrador', Norm: 'admin', Available: admin, director, control_escolar, cobranza, recepcion, tutor
[AuthDebug] Raw: 'Administrador', Norm: 'admin', Available: admin, director, control_escolar, cobranza, recepcion, tutor
DEBUG: Refresh Parent Lookup for luis@hotmail.com Result: []
[AuthDebug] Raw: 'Administrador', Norm: 'admin', Available: admin, director, control_escolar, cobranza, recepcion, tutor
[AuthDebug] Raw: 'Administrador', Norm: 'admin', Available: admin, director, control_escolar, cobranza, recepcion, tutor
[AuthDebug] Raw: 'Administrador', Norm: 'admin', Available: admin, director, control_escolar, cobranza, recepcion, tutor
[AuthDebug] Raw: 'Administrador', Norm: 'admin', Available: admin, director, control_escolar, cobranza, recepcion, tutor
[AuthDebug] Raw: 'Administrador', Norm: 'admin', Available: admin, director, control_escolar, cobranza, recepcion, tutor
DEBUG: Refresh Parent Lookup for luis@hotmail.com Result: []
[AuthDebug] Raw: 'Administrador', Norm: 'admin', Available: admin, director, control_escolar, cobranza, recepcion, tutor
[AuthDebug] Raw: 'Administrador', Norm: 'admin', Available: admin, director, control_escolar, cobranza, recepcion, tutor
[AuthDebug] Raw: 'Administrador', Norm: 'admin', Available: admin, director, control_escolar, cobranza, recepcion, tutor
[AuthDebug] Raw: 'Administrador', Norm: 'admin', Available: admin, director, control_escolar, cobranza, recepcion, tutor
[AuthDebug] Raw: 'Administrador', Norm: 'admin', Available: admin, director, control_escolar, cobranza, recepcion, tutor
[AuthDebug] Raw: 'Administrador', Norm: 'admin', Available: admin, director, control_escolar, cobranza, recepcion, tutor
DEBUG: Refresh Parent Lookup for luis@hotmail.com Result: []
[AuthDebug] Raw: 'Administrador', Norm: 'admin', Available: admin, director, control_escolar, cobranza, recepcion, tutor
DEBUG: GET /groups hit { grade_id: '27' }
DEBUG: GET /groups hit { grade_id: '31' }
DEBUG: GET /groups hit { grade_id: '25' }
[AuthDebug] Raw: 'Administrador', Norm: 'admin', Available: admin, director, control_escolar, cobranza, recepcion, tutor
[AuthDebug] Raw: 'Administrador', Norm: 'admin', Available: admin, director, control_escolar, cobranza, recepcion, tutor
[AuthDebug] Raw: 'Administrador', Norm: 'admin', Available: admin, director, control_escolar, cobranza, recepcion, tutor
DEBUG: Refresh Parent Lookup for luis@hotmail.com Result: []
[AuthDebug] Raw: 'Administrador', Norm: 'admin', Available: admin, director, control_escolar, cobranza, recepcion, tutor
[AuthDebug] Raw: 'Administrador', Norm: 'admin', Available: admin, director, control_escolar, cobranza, recepcion, tutor
[AuthDebug] Raw: 'Administrador', Norm: 'admin', Available: admin, director, control_escolar, cobranza, recepcion, tutor
[AuthDebug] Raw: 'Administrador', Norm: 'admin', Available: admin, director, control_escolar, cobranza, recepcion, tutor
[AuthDebug] Raw: 'Administrador', Norm: 'admin', Available: admin, director, control_escolar, cobranza, recepcion, tutor
DEBUG: Refresh Parent Lookup for luis@hotmail.com Result: []
[AuthDebug] Raw: 'Administrador', Norm: 'admin', Available: admin, director, control_escolar, cobranza, recepcion, tutor
[AuthDebug] Raw: 'Administrador', Norm: 'admin', Available: admin, director, control_escolar, cobranza, recepcion, tutor
[AuthDebug] Raw: 'Administrador', Norm: 'admin', Available: admin, director, control_escolar, cobranza, recepcion, tutor
[AuthDebug] Raw: 'Administrador', Norm: 'admin', Available: admin, director, control_escolar, cobranza, recepcion, tutor
[AuthDebug] Raw: 'Administrador', Norm: 'admin', Available: admin, director, control_escolar, cobranza, recepcion, tutor
DEBUG: Refresh Parent Lookup for luis@hotmail.com Result: []
[AuthDebug] Raw: 'Administrador', Norm: 'admin', Available: admin, director, control_escolar, cobranza, recepcion, tutor
[AuthDebug] Raw: 'Administrador', Norm: 'admin', Available: admin, director, control_escolar, cobranza, recepcion, tutor
[AuthDebug] Raw: 'Administrador', Norm: 'admin', Available: admin, director, control_escolar, cobranza, recepcion, tutor
[AuthDebug] Raw: 'Administrador', Norm: 'admin', Available: admin, director, control_escolar, cobranza, recepcion, tutor
[AuthDebug] Raw: 'Administrador', Norm: 'admin', Available: admin, director, control_escolar, cobranza, recepcion, tutor
DEBUG: Refresh Parent Lookup for luis@hotmail.com Result: []
[AuthDebug] Raw: 'Administrador', Norm: 'admin', Available: admin, director, control_escolar, cobranza, recepcion, tutor
[AuthDebug] Raw: 'Administrador', Norm: 'admin', Available: admin, director, control_escolar, cobranza, recepcion, tutor
[AuthDebug] Raw: 'Administrador', Norm: 'admin', Available: admin, director, control_escolar, cobranza, recepcion, tutor
[AuthDebug] Raw: 'Administrador', Norm: 'admin', Available: admin, director, control_escolar, cobranza, recepcion, tutor
[AuthDebug] Raw: 'Administrador', Norm: 'admin', Available: admin, director, control_escolar, cobranza, recepcion, tutor
DEBUG: Refresh Parent Lookup for luis@hotmail.com Result: []
[AuthDebug] Raw: 'Administrador', Norm: 'admin', Available: admin, director, control_escolar, cobranza, recepcion, tutor
[AuthDebug] Raw: 'Administrador', Norm: 'admin', Available: admin, director, control_escolar, cobranza, recepcion, tutor
DEBUG: GET /groups hit { grade_id: '22' }
DEBUG: GET /groups hit { grade_id: '25' }
DEBUG: GET /groups hit { grade_id: '26' }
DEBUG: GET /groups hit { grade_id: '27' }
[AuthDebug] Raw: 'Administrador', Norm: 'admin', Available: admin, director, control_escolar, cobranza, recepcion, tutor
[AuthDebug] Raw: 'Administrador', Norm: 'admin', Available: admin, director, control_escolar, cobranza, recepcion, tutor
[AuthDebug] Raw: 'Administrador', Norm: 'admin', Available: admin, director, control_escolar, cobranza, recepcion, tutor
[AuthDebug] Raw: 'Administrador', Norm: 'admin', Available: admin, director, control_escolar, cobranza, recepcion, tutor
DEBUG: Refresh Parent Lookup for luis@hotmail.com Result: []
[AuthDebug] Raw: 'Administrador', Norm: 'admin', Available: admin, director, control_escolar, cobranza, recepcion, tutor
[AuthDebug] Raw: 'Administrador', Norm: 'admin', Available: admin, director, control_escolar, cobranza, recepcion, tutor
[AuthDebug] Raw: 'Administrador', Norm: 'admin', Available: admin, director, control_escolar, cobranza, recepcion, tutor
[AuthDebug] Raw: 'Administrador', Norm: 'admin', Available: admin, director, control_escolar, cobranza, recepcion, tutor
[AuthDebug] Raw: 'Administrador', Norm: 'admin', Available: admin, director, control_escolar, cobranza, recepcion, tutor
DEBUG: Refresh Parent Lookup for luis@hotmail.com Result: []
[AuthDebug] Raw: 'Administrador', Norm: 'admin', Available: admin, director, control_escolar, cobranza, recepcion, tutor
[AuthDebug] Raw: 'Administrador', Norm: 'admin', Available: admin, director, control_escolar, cobranza, recepcion, tutor
[AuthDebug] Raw: 'Administrador', Norm: 'admin', Available: admin, director, control_escolar, cobranza, recepcion, tutor
[AuthDebug] Raw: 'Administrador', Norm: 'admin', Available: admin, director, control_escolar, cobranza, recepcion, tutor
[AuthDebug] Raw: 'Administrador', Norm: 'admin', Available: admin, director, control_escolar, cobranza, recepcion, tutor
DEBUG: Refresh Parent Lookup for luis@hotmail.com Result: []
[AuthDebug] Raw: 'Administrador', Norm: 'admin', Available: admin, director, control_escolar, cobranza, recepcion, tutor
[AuthDebug] Raw: 'Administrador', Norm: 'admin', Available: admin, director, control_escolar, cobranza, recepcion, tutor
[AuthDebug] Raw: 'Administrador', Norm: 'admin', Available: admin, director, control_escolar, cobranza, recepcion, tutor
[AuthDebug] Raw: 'Administrador', Norm: 'admin', Available: admin, director, control_escolar, cobranza, recepcion, tutor
[AuthDebug] Raw: 'Administrador', Norm: 'admin', Available: admin, director, control_escolar, cobranza, recepcion, tutor
DEBUG: Refresh Parent Lookup for luis@hotmail.com Result: []
[AuthDebug] Raw: 'Administrador', Norm: 'admin', Available: admin, director, control_escolar, cobranza, recepcion, tutor
[AuthDebug] Raw: 'Administrador', Norm: 'admin', Available: admin, director, control_escolar, cobranza, recepcion, tutor
[AuthDebug] Raw: 'Administrador', Norm: 'admin', Available: admin, director, control_escolar, cobranza, recepcion, tutor
DEBUG: GET /groups hit { grade_id: '27' }
[AuthDebug] Raw: 'Administrador', Norm: 'admin', Available: admin, director, control_escolar, cobranza, recepcion, tutor
[AuthDebug] Raw: 'Administrador', Norm: 'admin', Available: admin, director, control_escolar, cobranza, recepcion, tutor
[AuthDebug] Raw: 'Administrador', Norm: 'admin', Available: admin, director, control_escolar, cobranza, recepcion, tutor
DEBUG: Refresh Parent Lookup for luis@hotmail.com Result: []
[AuthDebug] Raw: 'Administrador', Norm: 'admin', Available: admin, director, control_escolar, cobranza, recepcion, tutor
[AuthDebug] Raw: 'Administrador', Norm: 'admin', Available: admin, director, control_escolar, cobranza, recepcion, tutor
[AuthDebug] Raw: 'Administrador', Norm: 'admin', Available: admin, director, control_escolar, cobranza, recepcion, tutor
[AuthDebug] Raw: 'Administrador', Norm: 'admin', Available: admin, director, control_escolar, cobranza, recepcion, tutor
[AuthDebug] Raw: 'Administrador', Norm: 'admin', Available: admin, director, control_escolar, cobranza, recepcion, tutor
DEBUG: Refresh Parent Lookup for luis@hotmail.com Result: []
[AuthDebug] Raw: 'Administrador', Norm: 'admin', Available: admin, director, control_escolar, cobranza, recepcion, tutor
[AuthDebug] Raw: 'Administrador', Norm: 'admin', Available: admin, director, control_escolar, cobranza, recepcion, tutor
[AuthDebug] Raw: 'Administrador', Norm: 'admin', Available: admin, director, control_escolar, cobranza, recepcion, tutor
[AuthDebug] Raw: 'Administrador', Norm: 'admin', Available: admin, director, control_escolar, cobranza, recepcion, tutor
[AuthDebug] Raw: 'Administrador', Norm: 'admin', Available: admin, director, control_escolar, cobranza, recepcion, tutor
DEBUG: Refresh Parent Lookup for luis@hotmail.com Result: []
[AuthDebug] Raw: 'Administrador', Norm: 'admin', Available: admin, director, control_escolar, cobranza, recepcion, tutor
[AuthDebug] Raw: 'Administrador', Norm: 'admin', Available: admin, director, control_escolar, cobranza, recepcion, tutor
[AuthDebug] Raw: 'Administrador', Norm: 'admin', Available: admin, director, control_escolar, cobranza, recepcion, tutor
[AuthDebug] Raw: 'Administrador', Norm: 'admin', Available: admin, director, control_escolar, cobranza, recepcion, tutor
[AuthDebug] Raw: 'Administrador', Norm: 'admin', Available: admin, director, control_escolar, cobranza, recepcion, tutor
DEBUG: Refresh Parent Lookup for luis@hotmail.com Result: []
[AuthDebug] Raw: 'Administrador', Norm: 'admin', Available: admin, director, control_escolar, cobranza, recepcion, tutor
[AuthDebug] Raw: 'Administrador', Norm: 'admin', Available: admin, director, control_escolar, cobranza, recepcion, tutor
[AuthDebug] Raw: 'Administrador', Norm: 'admin', Available: admin, director, control_escolar, cobranza, recepcion, tutor
[AuthDebug] Raw: 'Administrador', Norm: 'admin', Available: admin, director, control_escolar, cobranza, recepcion, tutor
[AuthDebug] Raw: 'Administrador', Norm: 'admin', Available: admin, director, control_escolar, cobranza, recepcion, tutor
[AuthDebug] Raw: 'Administrador', Norm: 'admin', Available: admin, director, control_escolar, cobranza, recepcion, tutor
[AuthDebug] Raw: 'Administrador', Norm: 'admin', Available: admin, director, control_escolar, cobranza, recepcion, tutor
DEBUG: Refresh Parent Lookup for luis@hotmail.com Result: []
[AuthDebug] Raw: 'Administrador', Norm: 'admin', Available: admin, director, control_escolar, cobranza, recepcion, tutor
[AuthDebug] Raw: 'Administrador', Norm: 'admin', Available: admin, director, control_escolar, cobranza, recepcion, tutor
[AuthDebug] Raw: 'Administrador', Norm: 'admin', Available: admin, director, control_escolar, cobranza, recepcion, tutor
[AuthDebug] Raw: 'Administrador', Norm: 'admin', Available: admin, director, control_escolar, cobranza, recepcion, tutor
[AuthDebug] Raw: 'Administrador', Norm: 'admin', Available: admin, director, control_escolar, cobranza, recepcion, tutor
DEBUG: Refresh Parent Lookup for luis@hotmail.com Result: []
[AuthDebug] Raw: 'Administrador', Norm: 'admin', Available: admin, director, control_escolar, cobranza, recepcion, tutor
[AuthDebug] Raw: 'Administrador', Norm: 'admin', Available: admin, director, control_escolar, cobranza, recepcion, tutor
[AuthDebug] Raw: 'Administrador', Norm: 'admin', Available: admin, director, control_escolar, cobranza, recepcion, tutor
[AuthDebug] Raw: 'Administrador', Norm: 'admin', Available: admin, director, control_escolar, cobranza, recepcion, tutor
[AuthDebug] Raw: 'Administrador', Norm: 'admin', Available: admin, director, control_escolar, cobranza, recepcion, tutor
DEBUG: Refresh Parent Lookup for luis@hotmail.com Result: []
[AuthDebug] Raw: 'Administrador', Norm: 'admin', Available: admin, director, control_escolar, cobranza, recepcion, tutor
[AuthDebug] Raw: 'Administrador', Norm: 'admin', Available: admin, director, control_escolar, cobranza, recepcion, tutor
[AuthDebug] Raw: 'Administrador', Norm: 'admin', Available: admin, director, control_escolar, cobranza, recepcion, tutor
[AuthDebug] Raw: 'Administrador', Norm: 'admin', Available: admin, director, control_escolar, cobranza, recepcion, tutor
[AuthDebug] Raw: 'Administrador', Norm: 'admin', Available: admin, director, control_escolar, cobranza, recepcion, tutor
DEBUG: Refresh Parent Lookup for luis@hotmail.com Result: []
[AuthDebug] Raw: 'Administrador', Norm: 'admin', Available: admin, director, control_escolar, cobranza, recepcion, tutor
[AuthDebug] Raw: 'Administrador', Norm: 'admin', Available: admin, director, control_escolar, cobranza, recepcion, tutor
[AuthDebug] Raw: 'Administrador', Norm: 'admin', Available: admin, director, control_escolar, cobranza, recepcion, tutor
[AuthDebug] Raw: 'Administrador', Norm: 'admin', Available: admin, director, control_escolar, cobranza, recepcion, tutor
[AuthDebug] Raw: 'Administrador', Norm: 'admin', Available: admin, director, control_escolar, cobranza, recepcion, tutor
DEBUG: Refresh Parent Lookup for luis@hotmail.com Result: []
[AuthDebug] Raw: 'Administrador', Norm: 'admin', Available: admin, director, control_escolar, cobranza, recepcion, tutor
[AuthDebug] Raw: 'Administrador', Norm: 'admin', Available: admin, director, control_escolar, cobranza, recepcion, tutor
[AuthDebug] Raw: 'Administrador', Norm: 'admin', Available: admin, director, control_escolar, cobranza, recepcion, tutor
[AuthDebug] Raw: 'Administrador', Norm: 'admin', Available: admin, director, control_escolar, cobranza, recepcion, tutor
[AuthDebug] Raw: 'Administrador', Norm: 'admin', Available: admin, director, control_escolar, cobranza, recepcion, tutor
DEBUG: Refresh Parent Lookup for luis@hotmail.com Result: []
[AuthDebug] Raw: 'Administrador', Norm: 'admin', Available: admin, director, control_escolar, cobranza, recepcion, tutor
[AuthDebug] Raw: 'Administrador', Norm: 'admin', Available: admin, director, control_escolar, cobranza, recepcion, tutor
[AuthDebug] Raw: 'Administrador', Norm: 'admin', Available: admin, director, control_escolar, cobranza, recepcion, tutor
[AuthDebug] Raw: 'Administrador', Norm: 'admin', Available: admin, director, control_escolar, cobranza, recepcion, tutor
[AuthDebug] Raw: 'Administrador', Norm: 'admin', Available: admin, director, control_escolar, cobranza, recepcion, tutor
DEBUG: Refresh Parent Lookup for luis@hotmail.com Result: []
[AuthDebug] Raw: 'Administrador', Norm: 'admin', Available: admin, director, control_escolar, cobranza, recepcion, tutor
[AuthDebug] Raw: 'Administrador', Norm: 'admin', Available: admin, director, control_escolar, cobranza, recepcion, tutor
[AuthDebug] Raw: 'Administrador', Norm: 'admin', Available: admin, director, control_escolar, cobranza, recepcion, tutor
[AuthDebug] Raw: 'Administrador', Norm: 'admin', Available: admin, director, control_escolar, cobranza, recepcion, tutor
[AuthDebug] Raw: 'Administrador', Norm: 'admin', Available: admin, director, control_escolar, cobranza, recepcion, tutor
[AuthDebug] Raw: 'Administrador', Norm: 'admin', Available: admin, director, control_escolar, cobranza, recepcion, tutor
DEBUG: Refresh Parent Lookup for luis@hotmail.com Result: []
[AuthDebug] Raw: 'Administrador', Norm: 'admin', Available: admin, director, control_escolar, cobranza, recepcion, tutor
[AuthDebug] Raw: 'Administrador', Norm: 'admin', Available: admin, director, control_escolar, cobranza, recepcion, tutor
[AuthDebug] Raw: 'Administrador', Norm: 'admin', Available: admin, director, control_escolar, cobranza, recepcion, tutor
[AuthDebug] Raw: 'Administrador', Norm: 'admin', Available: admin, director, control_escolar, cobranza, recepcion, tutor
[AuthDebug] Raw: 'Administrador', Norm: 'admin', Available: admin, director, control_escolar, cobranza, recepcion, tutor
DEBUG: Refresh Parent Lookup for luis@hotmail.com Result: []
[AuthDebug] Raw: 'Administrador', Norm: 'admin', Available: admin, director, control_escolar, cobranza, recepcion, tutor
[AuthDebug] Raw: 'Administrador', Norm: 'admin', Available: admin, director, control_escolar, cobranza, recepcion, tutor
[AuthDebug] Raw: 'Administrador', Norm: 'admin', Available: admin, director, control_escolar, cobranza, recepcion, tutor
[AuthDebug] Raw: 'Administrador', Norm: 'admin', Available: admin, director, control_escolar, cobranza, recepcion, tutor
[AuthDebug] Raw: 'Administrador', Norm: 'admin', Available: admin, director, control_escolar, cobranza, recepcion, tutor
DEBUG: Refresh Parent Lookup for luis@hotmail.com Result: []
[AuthDebug] Raw: 'Administrador', Norm: 'admin', Available: admin, director, control_escolar, cobranza, recepcion, tutor
[AuthDebug] Raw: 'Administrador', Norm: 'admin', Available: admin, director, control_escolar, cobranza, recepcion, tutor
[AuthDebug] Raw: 'Administrador', Norm: 'admin', Available: admin, director, control_escolar, cobranza, recepcion, tutor
[AuthDebug] Raw: 'Administrador', Norm: 'admin', Available: admin, director, control_escolar, cobranza, recepcion, tutor
[AuthDebug] Raw: 'Administrador', Norm: 'admin', Available: admin, director, control_escolar, cobranza, recepcion, tutor
DEBUG: Refresh Parent Lookup for luis@hotmail.com Result: []
[AuthDebug] Raw: 'Administrador', Norm: 'admin', Available: admin, director, control_escolar, cobranza, recepcion, tutor
[AuthDebug] Raw: 'Administrador', Norm: 'admin', Available: admin, director, control_escolar, cobranza, recepcion, tutor
[AuthDebug] Raw: 'Administrador', Norm: 'admin', Available: admin, director, control_escolar, cobranza, recepcion, tutor
[AuthDebug] Raw: 'Administrador', Norm: 'admin', Available: admin, director, control_escolar, cobranza, recepcion, tutor
[AuthDebug] Raw: 'Administrador', Norm: 'admin', Available: admin, director, control_escolar, cobranza, recepcion, tutor
DEBUG: Refresh Parent Lookup for luis@hotmail.com Result: []
[AuthDebug] Raw: 'Administrador', Norm: 'admin', Available: admin, director, control_escolar, cobranza, recepcion, tutor
[AuthDebug] Raw: 'Administrador', Norm: 'admin', Available: admin, director, control_escolar, cobranza, recepcion, tutor
[AuthDebug] Raw: 'Administrador', Norm: 'admin', Available: admin, director, control_escolar, cobranza, recepcion, tutor
[AuthDebug] Raw: 'Administrador', Norm: 'admin', Available: admin, director, control_escolar, cobranza, recepcion, tutor
[AuthDebug] Raw: 'Administrador', Norm: 'admin', Available: admin, director, control_escolar, cobranza, recepcion, tutor
DEBUG: Refresh Parent Lookup for luis@hotmail.com Result: []
[AuthDebug] Raw: 'Administrador', Norm: 'admin', Available: admin, director, control_escolar, cobranza, recepcion, tutor
[AuthDebug] Raw: 'Administrador', Norm: 'admin', Available: admin, director, control_escolar, cobranza, recepcion, tutor
[AuthDebug] Raw: 'Administrador', Norm: 'admin', Available: admin, director, control_escolar, cobranza, recepcion, tutor
[AuthDebug] Raw: 'Administrador', Norm: 'admin', Available: admin, director, control_escolar, cobranza, recepcion, tutor
[AuthDebug] Raw: 'Administrador', Norm: 'admin', Available: admin, director, control_escolar, cobranza, recepcion, tutor
DEBUG: Refresh Parent Lookup for luis@hotmail.com Result: []
[AuthDebug] Raw: 'Administrador', Norm: 'admin', Available: admin, director, control_escolar, cobranza, recepcion, tutor
[AuthDebug] Raw: 'Administrador', Norm: 'admin', Available: admin, director, control_escolar, cobranza, recepcion, tutor
[AuthDebug] Raw: 'Administrador', Norm: 'admin', Available: admin, director, control_escolar, cobranza, recepcion, tutor
[AuthDebug] Raw: 'Administrador', Norm: 'admin', Available: admin, director, control_escolar, cobranza, recepcion, tutor
[AuthDebug] Raw: 'Administrador', Norm: 'admin', Available: admin, director, control_escolar, cobranza, recepcion, tutor
DEBUG: Refresh Parent Lookup for luis@hotmail.com Result: []
[AuthDebug] Raw: 'Administrador', Norm: 'admin', Available: admin, director, control_escolar, cobranza, recepcion, tutor
[AuthDebug] Raw: 'Administrador', Norm: 'admin', Available: admin, director, control_escolar, cobranza, recepcion, tutor
[AuthDebug] Raw: 'Administrador', Norm: 'admin', Available: admin, director, control_escolar, cobranza, recepcion, tutor
[AuthDebug] Raw: 'Administrador', Norm: 'admin', Available: admin, director, control_escolar, cobranza, recepcion, tutor
[AuthDebug] Raw: 'Administrador', Norm: 'admin', Available: admin, director, control_escolar, cobranza, recepcion, tutor
DEBUG: Refresh Parent Lookup for luis@hotmail.com Result: []
[AuthDebug] Raw: 'Administrador', Norm: 'admin', Available: admin, director, control_escolar, cobranza, recepcion, tutor
[AuthDebug] Raw: 'Administrador', Norm: 'admin', Available: admin, director, control_escolar, cobranza, recepcion, tutor
[AuthDebug] Raw: 'Administrador', Norm: 'admin', Available: admin, director, control_escolar, cobranza, recepcion, tutor
[AuthDebug] Raw: 'Administrador', Norm: 'admin', Available: admin, director, control_escolar, cobranza, recepcion, tutor
[AuthDebug] Raw: 'Administrador', Norm: 'admin', Available: admin, director, control_escolar, cobranza, recepcion, tutor
DEBUG: Refresh Parent Lookup for luis@hotmail.com Result: []
[AuthDebug] Raw: 'Administrador', Norm: 'admin', Available: admin, director, control_escolar, cobranza, recepcion, tutor
[AuthDebug] Raw: 'Administrador', Norm: 'admin', Available: admin, director, control_escolar, cobranza, recepcion, tutor
[AuthDebug] Raw: 'Administrador', Norm: 'admin', Available: admin, director, control_escolar, cobranza, recepcion, tutor
DEBUG: GET /groups hit { grade_id: '27' }
[AuthDebug] Raw: 'Administrador', Norm: 'admin', Available: admin, director, control_escolar, cobranza, recepcion, tutor
[AuthDebug] Raw: 'Administrador', Norm: 'admin', Available: admin, director, control_escolar, cobranza, recepcion, tutor
[AuthDebug] Raw: 'Administrador', Norm: 'admin', Available: admin, director, control_escolar, cobranza, recepcion, tutor
DEBUG: Refresh Parent Lookup for luis@hotmail.com Result: []
[AuthDebug] Raw: 'Administrador', Norm: 'admin', Available: admin, director, control_escolar, cobranza, recepcion, tutor
[AuthDebug] Raw: 'Administrador', Norm: 'admin', Available: admin, director, control_escolar, cobranza, recepcion, tutor
[AuthDebug] Raw: 'Administrador', Norm: 'admin', Available: admin, director, control_escolar, cobranza, recepcion, tutor
[AuthDebug] Raw: 'Administrador', Norm: 'admin', Available: admin, director, control_escolar, cobranza, recepcion, tutor
DEBUG: Refresh Parent Lookup for luis@hotmail.com Result: []
[AuthDebug] Raw: 'Administrador', Norm: 'admin', Available: admin, director, control_escolar, cobranza, recepcion, tutor
[AuthDebug] Raw: 'Administrador', Norm: 'admin', Available: admin, director, control_escolar, cobranza, recepcion, tutor
[AuthDebug] Raw: 'Administrador', Norm: 'admin', Available: admin, director, control_escolar, cobranza, recepcion, tutor
[AuthDebug] Raw: 'Administrador', Norm: 'admin', Available: admin, director, control_escolar, cobranza, recepcion, tutor
[AuthDebug] Raw: 'Administrador', Norm: 'admin', Available: admin, director, control_escolar, cobranza, recepcion, tutor
DEBUG: Refresh Parent Lookup for luis@hotmail.com Result: []
[AuthDebug] Raw: 'Administrador', Norm: 'admin', Available: admin, director, control_escolar, cobranza, recepcion, tutor
[AuthDebug] Raw: 'Administrador', Norm: 'admin', Available: admin, director, control_escolar, cobranza, recepcion, tutor
[AuthDebug] Raw: 'Administrador', Norm: 'admin', Available: admin, director, control_escolar, cobranza, recepcion, tutor
[AuthDebug] Raw: 'Administrador', Norm: 'admin', Available: admin, director, control_escolar, cobranza, recepcion, tutor
[AuthDebug] Raw: 'Administrador', Norm: 'admin', Available: admin, director, control_escolar, cobranza, recepcion, tutor
DEBUG: Refresh Parent Lookup for luis@hotmail.com Result: []
[AuthDebug] Raw: 'Administrador', Norm: 'admin', Available: admin, director, control_escolar, cobranza, recepcion, tutor
[AuthDebug] Raw: 'Administrador', Norm: 'admin', Available: admin, director, control_escolar, cobranza, recepcion, tutor
[AuthDebug] Raw: 'Administrador', Norm: 'admin', Available: admin, director, control_escolar, cobranza, recepcion, tutor
[AuthDebug] Raw: 'Administrador', Norm: 'admin', Available: admin, director, control_escolar, cobranza, recepcion, tutor
[AuthDebug] Raw: 'Administrador', Norm: 'admin', Available: admin, director, control_escolar, cobranza, recepcion, tutor
DEBUG: Refresh Parent Lookup for luis@hotmail.com Result: []
[AuthDebug] Raw: 'Administrador', Norm: 'admin', Available: admin, director, control_escolar, cobranza, recepcion, tutor
[AuthDebug] Raw: 'Administrador', Norm: 'admin', Available: admin, director, control_escolar, cobranza, recepcion, tutor
[AuthDebug] Raw: 'Administrador', Norm: 'admin', Available: admin, director, control_escolar, cobranza, recepcion, tutor
[AuthDebug] Raw: 'Administrador', Norm: 'admin', Available: admin, director, control_escolar, cobranza, recepcion, tutor
[AuthDebug] Raw: 'Administrador', Norm: 'admin', Available: admin, director, control_escolar, cobranza, recepcion, tutor
DEBUG: Refresh Parent Lookup for luis@hotmail.com Result: []
[AuthDebug] Raw: 'Administrador', Norm: 'admin', Available: admin, director, control_escolar, cobranza, recepcion, tutor
[AuthDebug] Raw: 'Administrador', Norm: 'admin', Available: admin, director, control_escolar, cobranza, recepcion, tutor
[AuthDebug] Raw: 'Administrador', Norm: 'admin', Available: admin, director, control_escolar, cobranza, recepcion, tutor
[AuthDebug] Raw: 'Administrador', Norm: 'admin', Available: admin, director, control_escolar, cobranza, recepcion, tutor
[AuthDebug] Raw: 'Administrador', Norm: 'admin', Available: admin, director, control_escolar, cobranza, recepcion, tutor
[AuthDebug] Raw: 'Administrador', Norm: 'admin', Available: admin, director, control_escolar, cobranza, recepcion, tutor
DEBUG: Refresh Parent Lookup for luis@hotmail.com Result: []
[AuthDebug] Raw: 'Administrador', Norm: 'admin', Available: admin, director, control_escolar, cobranza, recepcion, tutor
[AuthDebug] Raw: 'Administrador', Norm: 'admin', Available: admin, director, control_escolar, cobranza, recepcion, tutor
[AuthDebug] Raw: 'Administrador', Norm: 'admin', Available: admin, director, control_escolar, cobranza, recepcion, tutor
[AuthDebug] Raw: 'Administrador', Norm: 'admin', Available: admin, director, control_escolar, cobranza, recepcion, tutor
[AuthDebug] Raw: 'Administrador', Norm: 'admin', Available: admin, director, control_escolar, cobranza, recepcion, tutor
DEBUG: Refresh Parent Lookup for luis@hotmail.com Result: []
[AuthDebug] Raw: 'Administrador', Norm: 'admin', Available: admin, director, control_escolar, cobranza, recepcion, tutor
[AuthDebug] Raw: 'Administrador', Norm: 'admin', Available: admin, director, control_escolar, cobranza, recepcion, tutor
[AuthDebug] Raw: 'Administrador', Norm: 'admin', Available: admin, director, control_escolar, cobranza, recepcion, tutor
[AuthDebug] Raw: 'Administrador', Norm: 'admin', Available: admin, director, control_escolar, cobranza, recepcion, tutor
[AuthDebug] Raw: 'Administrador', Norm: 'admin', Available: admin, director, control_escolar, cobranza, recepcion, tutor
DEBUG: Refresh Parent Lookup for luis@hotmail.com Result: []
[AuthDebug] Raw: 'Administrador', Norm: 'admin', Available: admin, director, control_escolar, cobranza, recepcion, tutor
[AuthDebug] Raw: 'Administrador', Norm: 'admin', Available: admin, director, control_escolar, cobranza, recepcion, tutor
[AuthDebug] Raw: 'Administrador', Norm: 'admin', Available: admin, director, control_escolar, cobranza, recepcion, tutor
[AuthDebug] Raw: 'Administrador', Norm: 'admin', Available: admin, director, control_escolar, cobranza, recepcion, tutor
[AuthDebug] Raw: 'Administrador', Norm: 'admin', Available: admin, director, control_escolar, cobranza, recepcion, tutor
DEBUG: Refresh Parent Lookup for luis@hotmail.com Result: []
[AuthDebug] Raw: 'Administrador', Norm: 'admin', Available: admin, director, control_escolar, cobranza, recepcion, tutor
[AuthDebug] Raw: 'Administrador', Norm: 'admin', Available: admin, director, control_escolar, cobranza, recepcion, tutor
[AuthDebug] Raw: 'Administrador', Norm: 'admin', Available: admin, director, control_escolar, cobranza, recepcion, tutor
[AuthDebug] Raw: 'Administrador', Norm: 'admin', Available: admin, director, control_escolar, cobranza, recepcion, tutor
[AuthDebug] Raw: 'Administrador', Norm: 'admin', Available: admin, director, control_escolar, cobranza, recepcion, tutor
DEBUG: Refresh Parent Lookup for luis@hotmail.com Result: []
[AuthDebug] Raw: 'Administrador', Norm: 'admin', Available: admin, director, control_escolar, cobranza, recepcion, tutor
[AuthDebug] Raw: 'Administrador', Norm: 'admin', Available: admin, director, control_escolar, cobranza, recepcion, tutor
[AuthDebug] Raw: 'Administrador', Norm: 'admin', Available: admin, director, control_escolar, cobranza, recepcion, tutor
[AuthDebug] Raw: 'Administrador', Norm: 'admin', Available: admin, director, control_escolar, cobranza, recepcion, tutor
[AuthDebug] Raw: 'Administrador', Norm: 'admin', Available: admin, director, control_escolar, cobranza, recepcion, tutor
DEBUG: Refresh Parent Lookup for luis@hotmail.com Result: []
[AuthDebug] Raw: 'Administrador', Norm: 'admin', Available: admin, director, control_escolar, cobranza, recepcion, tutor
[AuthDebug] Raw: 'Administrador', Norm: 'admin', Available: admin, director, control_escolar, cobranza, recepcion, tutor
[AuthDebug] Raw: 'Administrador', Norm: 'admin', Available: admin, director, control_escolar, cobranza, recepcion, tutor
[AuthDebug] Raw: 'Administrador', Norm: 'admin', Available: admin, director, control_escolar, cobranza, recepcion, tutor
[AuthDebug] Raw: 'Administrador', Norm: 'admin', Available: admin, director, control_escolar, cobranza, recepcion, tutor
DEBUG: Refresh Parent Lookup for luis@hotmail.com Result: []
[AuthDebug] Raw: 'Administrador', Norm: 'admin', Available: admin, director, control_escolar, cobranza, recepcion, tutor
[AuthDebug] Raw: 'Administrador', Norm: 'admin', Available: admin, director, control_escolar, cobranza, recepcion, tutor
[AuthDebug] Raw: 'Administrador', Norm: 'admin', Available: admin, director, control_escolar, cobranza, recepcion, tutor
[AuthDebug] Raw: 'Administrador', Norm: 'admin', Available: admin, director, control_escolar, cobranza, recepcion, tutor
[AuthDebug] Raw: 'Administrador', Norm: 'admin', Available: admin, director, control_escolar, cobranza, recepcion, tutor
[AuthDebug] Raw: 'Administrador', Norm: 'admin', Available: admin, director, control_escolar, cobranza, recepcion, tutor
DEBUG: Refresh Parent Lookup for luis@hotmail.com Result: []
[AuthDebug] Raw: 'Administrador', Norm: 'admin', Available: admin, director, control_escolar, cobranza, recepcion, tutor
[AuthDebug] Raw: 'Administrador', Norm: 'admin', Available: admin, director, control_escolar, cobranza, recepcion, tutor
[AuthDebug] Raw: 'Administrador', Norm: 'admin', Available: admin, director, control_escolar, cobranza, recepcion, tutor
[AuthDebug] Raw: 'Administrador', Norm: 'admin', Available: admin, director, control_escolar, cobranza, recepcion, tutor
[AuthDebug] Raw: 'Administrador', Norm: 'admin', Available: admin, director, control_escolar, cobranza, recepcion, tutor
DEBUG: Refresh Parent Lookup for luis@hotmail.com Result: []
[AuthDebug] Raw: 'Administrador', Norm: 'admin', Available: admin, director, control_escolar, cobranza, recepcion, tutor
[AuthDebug] Raw: 'Administrador', Norm: 'admin', Available: admin, director, control_escolar, cobranza, recepcion, tutor
[AuthDebug] Raw: 'Administrador', Norm: 'admin', Available: admin, director, control_escolar, cobranza, recepcion, tutor
[AuthDebug] Raw: 'Administrador', Norm: 'admin', Available: admin, director, control_escolar, cobranza, recepcion, tutor
[AuthDebug] Raw: 'Administrador', Norm: 'admin', Available: admin, director, control_escolar, cobranza, recepcion, tutor
DEBUG: Refresh Parent Lookup for luis@hotmail.com Result: []
[AuthDebug] Raw: 'Administrador', Norm: 'admin', Available: admin, director, control_escolar, cobranza, recepcion, tutor
[AuthDebug] Raw: 'Administrador', Norm: 'admin', Available: admin, director, control_escolar, cobranza, recepcion, tutor
[AuthDebug] Raw: 'Administrador', Norm: 'admin', Available: admin, director, control_escolar, cobranza, recepcion, tutor
[AuthDebug] Raw: 'Administrador', Norm: 'admin', Available: admin, director, control_escolar, cobranza, recepcion, tutor
[AuthDebug] Raw: 'Administrador', Norm: 'admin', Available: admin, director, control_escolar, cobranza, recepcion, tutor
DEBUG: Refresh Parent Lookup for luis@hotmail.com Result: []
[AuthDebug] Raw: 'Administrador', Norm: 'admin', Available: admin, director, control_escolar, cobranza, recepcion, tutor
[AuthDebug] Raw: 'Administrador', Norm: 'admin', Available: admin, director, control_escolar, cobranza, recepcion, tutor
[AuthDebug] Raw: 'Administrador', Norm: 'admin', Available: admin, director, control_escolar, cobranza, recepcion, tutor
[AuthDebug] Raw: 'Administrador', Norm: 'admin', Available: admin, director, control_escolar, cobranza, recepcion, tutor
[AuthDebug] Raw: 'Administrador', Norm: 'admin', Available: admin, director, control_escolar, cobranza, recepcion, tutor
DEBUG: Refresh Parent Lookup for luis@hotmail.com Result: []
[AuthDebug] Raw: 'Administrador', Norm: 'admin', Available: admin, director, control_escolar, cobranza, recepcion, tutor
[AuthDebug] Raw: 'Administrador', Norm: 'admin', Available: admin, director, control_escolar, cobranza, recepcion, tutor
[AuthDebug] Raw: 'Administrador', Norm: 'admin', Available: admin, director, control_escolar, cobranza, recepcion, tutor
[AuthDebug] Raw: 'Administrador', Norm: 'admin', Available: admin, director, control_escolar, cobranza, recepcion, tutor
[AuthDebug] Raw: 'Administrador', Norm: 'admin', Available: admin, director, control_escolar, cobranza, recepcion, tutor
DEBUG: Refresh Parent Lookup for luis@hotmail.com Result: []
[AuthDebug] Raw: 'Administrador', Norm: 'admin', Available: admin, director, control_escolar, cobranza, recepcion, tutor
[AuthDebug] Raw: 'Administrador', Norm: 'admin', Available: admin, director, control_escolar, cobranza, recepcion, tutor
[AuthDebug] Raw: 'Administrador', Norm: 'admin', Available: admin, director, control_escolar, cobranza, recepcion, tutor
[AuthDebug] Raw: 'Administrador', Norm: 'admin', Available: admin, director, control_escolar, cobranza, recepcion, tutor
[AuthDebug] Raw: 'Administrador', Norm: 'admin', Available: admin, director, control_escolar, cobranza, recepcion, tutor
[AuthDebug] Raw: 'Administrador', Norm: 'admin', Available: admin, director, control_escolar, cobranza, recepcion, tutor
DEBUG: Refresh Parent Lookup for luis@hotmail.com Result: []
[AuthDebug] Raw: 'Administrador', Norm: 'admin', Available: admin, director, control_escolar, cobranza, recepcion, tutor
[AuthDebug] Raw: 'Administrador', Norm: 'admin', Available: admin, director, control_escolar, cobranza, recepcion, tutor
[AuthDebug] Raw: 'Administrador', Norm: 'admin', Available: admin, director, control_escolar, cobranza, recepcion, tutor
[AuthDebug] Raw: 'Administrador', Norm: 'admin', Available: admin, director, control_escolar, cobranza, recepcion, tutor
[AuthDebug] Raw: 'Administrador', Norm: 'admin', Available: admin, director, control_escolar, cobranza, recepcion, tutor
DEBUG: Refresh Parent Lookup for luis@hotmail.com Result: []
[AuthDebug] Raw: 'Administrador', Norm: 'admin', Available: admin, director, control_escolar, cobranza, recepcion, tutor
[AuthDebug] Raw: 'Administrador', Norm: 'admin', Available: admin, director, control_escolar, cobranza, recepcion, tutor
[AuthDebug] Raw: 'Administrador', Norm: 'admin', Available: admin, director, control_escolar, cobranza, recepcion, tutor
[AuthDebug] Raw: 'Administrador', Norm: 'admin', Available: admin, director, control_escolar, cobranza, recepcion, tutor
[AuthDebug] Raw: 'Administrador', Norm: 'admin', Available: admin, director, control_escolar, cobranza, recepcion, tutor
DEBUG: Refresh Parent Lookup for luis@hotmail.com Result: []
[AuthDebug] Raw: 'Administrador', Norm: 'admin', Available: admin, director, control_escolar, cobranza, recepcion, tutor
[AuthDebug] Raw: 'Administrador', Norm: 'admin', Available: admin, director, control_escolar, cobranza, recepcion, tutor
[AuthDebug] Raw: 'Administrador', Norm: 'admin', Available: admin, director, control_escolar, cobranza, recepcion, tutor
[AuthDebug] Raw: 'Administrador', Norm: 'admin', Available: admin, director, control_escolar, cobranza, recepcion, tutor
[AuthDebug] Raw: 'Administrador', Norm: 'admin', Available: admin, director, control_escolar, cobranza, recepcion, tutor
DEBUG: Refresh Parent Lookup for luis@hotmail.com Result: []
[AuthDebug] Raw: 'Administrador', Norm: 'admin', Available: admin, director, control_escolar, cobranza, recepcion, tutor
[AuthDebug] Raw: 'Administrador', Norm: 'admin', Available: admin, director, control_escolar, cobranza, recepcion, tutor
[AuthDebug] Raw: 'Administrador', Norm: 'admin', Available: admin, director, control_escolar, cobranza, recepcion, tutor
[AuthDebug] Raw: 'Administrador', Norm: 'admin', Available: admin, director, control_escolar, cobranza, recepcion, tutor
[AuthDebug] Raw: 'Administrador', Norm: 'admin', Available: admin, director, control_escolar, cobranza, recepcion, tutor
DEBUG: Refresh Parent Lookup for luis@hotmail.com Result: []
[AuthDebug] Raw: 'Administrador', Norm: 'admin', Available: admin, director, control_escolar, cobranza, recepcion, tutor
[AuthDebug] Raw: 'Administrador', Norm: 'admin', Available: admin, director, control_escolar, cobranza, recepcion, tutor
[AuthDebug] Raw: 'Administrador', Norm: 'admin', Available: admin, director, control_escolar, cobranza, recepcion, tutor
[AuthDebug] Raw: 'Administrador', Norm: 'admin', Available: admin, director, control_escolar, cobranza, recepcion, tutor
[AuthDebug] Raw: 'Administrador', Norm: 'admin', Available: admin, director, control_escolar, cobranza, recepcion, tutor
DEBUG: Refresh Parent Lookup for luis@hotmail.com Result: []
[AuthDebug] Raw: 'Administrador', Norm: 'admin', Available: admin, director, control_escolar, cobranza, recepcion, tutor
[AuthDebug] Raw: 'Administrador', Norm: 'admin', Available: admin, director, control_escolar, cobranza, recepcion, tutor
[AuthDebug] Raw: 'Administrador', Norm: 'admin', Available: admin, director, control_escolar, cobranza, recepcion, tutor
[AuthDebug] Raw: 'Administrador', Norm: 'admin', Available: admin, director, control_escolar, cobranza, recepcion, tutor
[AuthDebug] Raw: 'Administrador', Norm: 'admin', Available: admin, director, control_escolar, cobranza, recepcion, tutor
DEBUG: Refresh Parent Lookup for luis@hotmail.com Result: []
[AuthDebug] Raw: 'Administrador', Norm: 'admin', Available: admin, director, control_escolar, cobranza, recepcion, tutor
[AuthDebug] Raw: 'Administrador', Norm: 'admin', Available: admin, director, control_escolar, cobranza, recepcion, tutor
[AuthDebug] Raw: 'Administrador', Norm: 'admin', Available: admin, director, control_escolar, cobranza, recepcion, tutor
[AuthDebug] Raw: 'Administrador', Norm: 'admin', Available: admin, director, control_escolar, cobranza, recepcion, tutor
[AuthDebug] Raw: 'Administrador', Norm: 'admin', Available: admin, director, control_escolar, cobranza, recepcion, tutor
DEBUG: Refresh Parent Lookup for luis@hotmail.com Result: []
[AuthDebug] Raw: 'Administrador', Norm: 'admin', Available: admin, director, control_escolar, cobranza, recepcion, tutor
[AuthDebug] Raw: 'Administrador', Norm: 'admin', Available: admin, director, control_escolar, cobranza, recepcion, tutor
[AuthDebug] Raw: 'Administrador', Norm: 'admin', Available: admin, director, control_escolar, cobranza, recepcion, tutor
[AuthDebug] Raw: 'Administrador', Norm: 'admin', Available: admin, director, control_escolar, cobranza, recepcion, tutor
[AuthDebug] Raw: 'Administrador', Norm: 'admin', Available: admin, director, control_escolar, cobranza, recepcion, tutor
DEBUG: Refresh Parent Lookup for luis@hotmail.com Result: []
[AuthDebug] Raw: 'Administrador', Norm: 'admin', Available: admin, director, control_escolar, cobranza, recepcion, tutor
[AuthDebug] Raw: 'Administrador', Norm: 'admin', Available: admin, director, control_escolar, cobranza, recepcion, tutor
[AuthDebug] Raw: 'Administrador', Norm: 'admin', Available: admin, director, control_escolar, cobranza, recepcion, tutor
[AuthDebug] Raw: 'Administrador', Norm: 'admin', Available: admin, director, control_escolar, cobranza, recepcion, tutor
[AuthDebug] Raw: 'Administrador', Norm: 'admin', Available: admin, director, control_escolar, cobranza, recepcion, tutor
[AuthDebug] Raw: 'Administrador', Norm: 'admin', Available: admin, director, control_escolar, cobranza, recepcion, tutor
DEBUG: Refresh Parent Lookup for luis@hotmail.com Result: []
[AuthDebug] Raw: 'Administrador', Norm: 'admin', Available: admin, director, control_escolar, cobranza, recepcion, tutor
[AuthDebug] Raw: 'Administrador', Norm: 'admin', Available: admin, director, control_escolar, cobranza, recepcion, tutor
[AuthDebug] Raw: 'Administrador', Norm: 'admin', Available: admin, director, control_escolar, cobranza, recepcion, tutor
[AuthDebug] Raw: 'Administrador', Norm: 'admin', Available: admin, director, control_escolar, cobranza, recepcion, tutor
[AuthDebug] Raw: 'Administrador', Norm: 'admin', Available: admin, director, control_escolar, cobranza, recepcion, tutor
DEBUG: Refresh Parent Lookup for luis@hotmail.com Result: []
[AuthDebug] Raw: 'Administrador', Norm: 'admin', Available: admin, director, control_escolar, cobranza, recepcion, tutor
[AuthDebug] Raw: 'Administrador', Norm: 'admin', Available: admin, director, control_escolar, cobranza, recepcion, tutor
[AuthDebug] Raw: 'Administrador', Norm: 'admin', Available: admin, director, control_escolar, cobranza, recepcion, tutor
[AuthDebug] Raw: 'Administrador', Norm: 'admin', Available: admin, director, control_escolar, cobranza, recepcion, tutor
[AuthDebug] Raw: 'Administrador', Norm: 'admin', Available: admin, director, control_escolar, cobranza, recepcion, tutor
DEBUG: Refresh Parent Lookup for luis@hotmail.com Result: []
[AuthDebug] Raw: 'Administrador', Norm: 'admin', Available: admin, director, control_escolar, cobranza, recepcion, tutor
[AuthDebug] Raw: 'Administrador', Norm: 'admin', Available: admin, director, control_escolar, cobranza, recepcion, tutor
[AuthDebug] Raw: 'Administrador', Norm: 'admin', Available: admin, director, control_escolar, cobranza, recepcion, tutor
[AuthDebug] Raw: 'Administrador', Norm: 'admin', Available: admin, director, control_escolar, cobranza, recepcion, tutor
[AuthDebug] Raw: 'Administrador', Norm: 'admin', Available: admin, director, control_escolar, cobranza, recepcion, tutor
DEBUG: Refresh Parent Lookup for luis@hotmail.com Result: []
[AuthDebug] Raw: 'Administrador', Norm: 'admin', Available: admin, director, control_escolar, cobranza, recepcion, tutor
[AuthDebug] Raw: 'Administrador', Norm: 'admin', Available: admin, director, control_escolar, cobranza, recepcion, tutor
[AuthDebug] Raw: 'Administrador', Norm: 'admin', Available: admin, director, control_escolar, cobranza, recepcion, tutor
[AuthDebug] Raw: 'Administrador', Norm: 'admin', Available: admin, director, control_escolar, cobranza, recepcion, tutor
[AuthDebug] Raw: 'Administrador', Norm: 'admin', Available: admin, director, control_escolar, cobranza, recepcion, tutor
DEBUG: Refresh Parent Lookup for luis@hotmail.com Result: []
[AuthDebug] Raw: 'Administrador', Norm: 'admin', Available: admin, director, control_escolar, cobranza, recepcion, tutor
[AuthDebug] Raw: 'Administrador', Norm: 'admin', Available: admin, director, control_escolar, cobranza, recepcion, tutor
[AuthDebug] Raw: 'Administrador', Norm: 'admin', Available: admin, director, control_escolar, cobranza, recepcion, tutor
[AuthDebug] Raw: 'Administrador', Norm: 'admin', Available: admin, director, control_escolar, cobranza, recepcion, tutor
[AuthDebug] Raw: 'Administrador', Norm: 'admin', Available: admin, director, control_escolar, cobranza, recepcion, tutor
DEBUG: Refresh Parent Lookup for luis@hotmail.com Result: []
[AuthDebug] Raw: 'Administrador', Norm: 'admin', Available: admin, director, control_escolar, cobranza, recepcion, tutor
[AuthDebug] Raw: 'Administrador', Norm: 'admin', Available: admin, director, control_escolar, cobranza, recepcion, tutor
[AuthDebug] Raw: 'Administrador', Norm: 'admin', Available: admin, director, control_escolar, cobranza, recepcion, tutor
[AuthDebug] Raw: 'Administrador', Norm: 'admin', Available: admin, director, control_escolar, cobranza, recepcion, tutor
[AuthDebug] Raw: 'Administrador', Norm: 'admin', Available: admin, director, control_escolar, cobranza, recepcion, tutor
DEBUG: Refresh Parent Lookup for luis@hotmail.com Result: []
[AuthDebug] Raw: 'Administrador', Norm: 'admin', Available: admin, director, control_escolar, cobranza, recepcion, tutor
[AuthDebug] Raw: 'Administrador', Norm: 'admin', Available: admin, director, control_escolar, cobranza, recepcion, tutor
[AuthDebug] Raw: 'Administrador', Norm: 'admin', Available: admin, director, control_escolar, cobranza, recepcion, tutor
DEBUG: GET /groups hit { grade_id: '27' }
[AuthDebug] Raw: 'Administrador', Norm: 'admin', Available: admin, director, control_escolar, cobranza, recepcion, tutor
[AuthDebug] Raw: 'Administrador', Norm: 'admin', Available: admin, director, control_escolar, cobranza, recepcion, tutor
[AuthDebug] Raw: 'Administrador', Norm: 'admin', Available: admin, director, control_escolar, cobranza, recepcion, tutor
DEBUG: Refresh Parent Lookup for luis@hotmail.com Result: []
[AuthDebug] Raw: 'Administrador', Norm: 'admin', Available: admin, director, control_escolar, cobranza, recepcion, tutor
[AuthDebug] Raw: 'Administrador', Norm: 'admin', Available: admin, director, control_escolar, cobranza, recepcion, tutor
[AuthDebug] Raw: 'Administrador', Norm: 'admin', Available: admin, director, control_escolar, cobranza, recepcion, tutor
[AuthDebug] Raw: 'Administrador', Norm: 'admin', Available: admin, director, control_escolar, cobranza, recepcion, tutor
DEBUG: Refresh Parent Lookup for luis@hotmail.com Result: []
[AuthDebug] Raw: 'Administrador', Norm: 'admin', Available: admin, director, control_escolar, cobranza, recepcion, tutor
[AuthDebug] Raw: 'Administrador', Norm: 'admin', Available: admin, director, control_escolar, cobranza, recepcion, tutor
[AuthDebug] Raw: 'Administrador', Norm: 'admin', Available: admin, director, control_escolar, cobranza, recepcion, tutor
[AuthDebug] Raw: 'Administrador', Norm: 'admin', Available: admin, director, control_escolar, cobranza, recepcion, tutor
[AuthDebug] Raw: 'Administrador', Norm: 'admin', Available: admin, director, control_escolar, cobranza, recepcion, tutor
DEBUG: Refresh Parent Lookup for luis@hotmail.com Result: []
[AuthDebug] Raw: 'Administrador', Norm: 'admin', Available: admin, director, control_escolar, cobranza, recepcion, tutor
[AuthDebug] Raw: 'Administrador', Norm: 'admin', Available: admin, director, control_escolar, cobranza, recepcion, tutor
[AuthDebug] Raw: 'Administrador', Norm: 'admin', Available: admin, director, control_escolar, cobranza, recepcion, tutor
[AuthDebug] Raw: 'Administrador', Norm: 'admin', Available: admin, director, control_escolar, cobranza, recepcion, tutor
[AuthDebug] Raw: 'Administrador', Norm: 'admin', Available: admin, director, control_escolar, cobranza, recepcion, tutor
DEBUG: Refresh Parent Lookup for luis@hotmail.com Result: []
[AuthDebug] Raw: 'Administrador', Norm: 'admin', Available: admin, director, control_escolar, cobranza, recepcion, tutor
[AuthDebug] Raw: 'Administrador', Norm: 'admin', Available: admin, director, control_escolar, cobranza, recepcion, tutor
[AuthDebug] Raw: 'Administrador', Norm: 'admin', Available: admin, director, control_escolar, cobranza, recepcion, tutor
[AuthDebug] Raw: 'Administrador', Norm: 'admin', Available: admin, director, control_escolar, cobranza, recepcion, tutor
[AuthDebug] Raw: 'Administrador', Norm: 'admin', Available: admin, director, control_escolar, cobranza, recepcion, tutor
DEBUG: Refresh Parent Lookup for luis@hotmail.com Result: []
[AuthDebug] Raw: 'Administrador', Norm: 'admin', Available: admin, director, control_escolar, cobranza, recepcion, tutor
[AuthDebug] Raw: 'Administrador', Norm: 'admin', Available: admin, director, control_escolar, cobranza, recepcion, tutor
[AuthDebug] Raw: 'Administrador', Norm: 'admin', Available: admin, director, control_escolar, cobranza, recepcion, tutor
[AuthDebug] Raw: 'Administrador', Norm: 'admin', Available: admin, director, control_escolar, cobranza, recepcion, tutor
[AuthDebug] Raw: 'Administrador', Norm: 'admin', Available: admin, director, control_escolar, cobranza, recepcion, tutor
DEBUG: Refresh Parent Lookup for luis@hotmail.com Result: []
[AuthDebug] Raw: 'Administrador', Norm: 'admin', Available: admin, director, control_escolar, cobranza, recepcion, tutor
[AuthDebug] Raw: 'Administrador', Norm: 'admin', Available: admin, director, control_escolar, cobranza, recepcion, tutor
DEBUG: GET /groups hit { grade_id: '27' }
DEBUG: GET /groups hit { grade_id: '27' }
[AuthDebug] Raw: 'Administrador', Norm: 'admin', Available: admin, director, control_escolar, cobranza, recepcion, tutor
